2025-07-26 22:02:13,027 INFO:Hotkey pressed, opening screenshot window...
2025-07-26 22:02:16,485 INFO:Hotkey pressed, opening screenshot window...
2025-07-26 22:02:16,783 INFO:Hotkey pressed, opening screenshot window...
2025-07-26 22:02:34,270 INFO:Hotkey pressed, opening screenshot window...
2025-07-26 22:02:36,674 INFO:Hotkey pressed, opening screenshot window...
2025-07-26 22:05:20,567 INFO:Hotkey pressed, opening screenshot window...
2025-07-26 22:10:41,316 INFO:Hotkey pressed, opening screenshot window...
2025-07-26 22:10:53,936 INFO:Hotkey pressed, opening screenshot window...
2025-07-26 22:16:41,265 INFO:Hotkey pressed, opening screenshot window...
2025-07-26 22:16:47,026 INFO:Hotkey pressed, opening screenshot window...
2025-07-26 22:18:28,959 INFO:Hotkey pressed, opening screenshot window...
2025-07-26 22:18:41,806 INFO:Hotkey pressed, opening screenshot window...
2025-07-26 22:18:43,310 INFO:Hotkey pressed, opening screenshot window...
2025-07-26 22:21:55,631 INFO:Hotkey pressed, opening screenshot window...
2025-07-26 22:24:25,640 INFO:Hotkey pressed, opening screenshot window...
2025-07-26 22:24:25,668 INFO:show_screenshot() called
2025-07-26 22:24:30,265 INFO:Hotkey pressed, opening screenshot window...
2025-07-26 22:24:30,265 INFO:show_screenshot() called
2025-07-26 22:26:40,008 INFO:Hotkey pressed, opening screenshot window...
2025-07-26 22:26:40,014 INFO:show_screenshot() called
2025-07-26 22:29:26,893 INFO:Hotkey pressed, opening screenshot window...
2025-07-26 22:29:26,896 INFO:show_screenshot() called
2025-07-26 22:29:32,319 INFO:Hotkey pressed, opening screenshot window...
2025-07-26 22:29:32,319 INFO:show_screenshot() called
2025-07-26 22:29:33,709 INFO:Hotkey pressed, opening screenshot window...
2025-07-26 22:29:33,724 INFO:show_screenshot() called
2025-07-26 22:29:37,735 INFO:Hotkey pressed, opening screenshot window...
2025-07-26 22:29:37,735 INFO:show_screenshot() called
2025-07-26 22:29:41,117 INFO:Hotkey pressed, opening screenshot window...
2025-07-26 22:29:41,117 INFO:show_screenshot() called
2025-07-27 05:06:44,302 INFO:Hotkey pressed, opening screenshot window...
2025-07-27 05:06:44,302 INFO:show_screenshot() called
2025-07-27 05:08:32,799 INFO:Hotkey pressed, opening screenshot window...
2025-07-27 05:08:32,806 INFO:show_screenshot() called
2025-07-27 05:11:21,570 INFO:Hotkey pressed, opening screenshot window...
2025-07-27 05:11:21,570 INFO:show_screenshot() called
2025-07-27 05:16:50,274 INFO:Hotkey pressed, opening screenshot window...
2025-07-27 05:16:50,274 INFO:show_screenshot() called
2025-07-27 05:17:08,597 INFO:Hotkey pressed, opening screenshot window...
2025-07-27 05:17:08,597 INFO:show_screenshot() called
2025-07-27 05:21:34,037 INFO:Hotkey pressed, opening screenshot window...
2025-07-27 05:21:34,053 INFO:show_screenshot() called
2025-07-27 05:21:51,055 INFO:Hotkey pressed, opening screenshot window...
2025-07-27 05:21:51,055 INFO:show_screenshot() called
2025-07-27 05:33:13,022 INFO:Application started. Press Ctrl+Shift+X to capture.
2025-07-27 05:33:15,941 INFO:Hotkey pressed, emitting signal to main thread.
2025-07-27 05:33:15,941 INFO:Signal received, triggering screenshot window.
2025-07-27 05:33:15,941 INFO:Starting screen selection...
2025-07-27 05:33:22,121 INFO:Screenshot saved to screenshot.png
2025-07-27 05:33:22,480 INFO:OCR successful for screenshot.png
2025-07-27 05:33:28,505 INFO:Hotkey pressed, emitting signal to main thread.
2025-07-27 05:33:28,505 INFO:Signal received, triggering screenshot window.
2025-07-27 05:33:28,505 INFO:Starting screen selection...
2025-07-27 05:33:31,706 INFO:Screenshot saved to screenshot.png
2025-07-27 05:33:31,978 INFO:OCR successful for screenshot.png
2025-07-27 05:33:49,126 INFO:Hotkey pressed, emitting signal to main thread.
2025-07-27 05:33:49,126 INFO:Signal received, triggering screenshot window.
2025-07-27 05:33:49,126 INFO:Starting screen selection...
2025-07-27 05:33:52,629 INFO:Screenshot saved to screenshot.png
2025-07-27 05:33:52,976 INFO:OCR successful for screenshot.png
2025-07-27 05:34:26,271 INFO:Hotkey pressed, emitting signal to main thread.
2025-07-27 05:34:26,280 INFO:Signal received, triggering screenshot window.
2025-07-27 05:34:26,280 INFO:Starting screen selection...
2025-07-27 05:34:30,905 INFO:Screenshot saved to screenshot.png
2025-07-27 05:34:31,177 INFO:OCR successful for screenshot.png
2025-07-27 05:35:14,038 INFO:Hotkey pressed, emitting signal to main thread.
2025-07-27 05:35:14,038 INFO:Signal received, triggering screenshot window.
2025-07-27 05:35:14,038 INFO:Starting screen selection...
2025-07-27 05:35:17,925 INFO:Screenshot saved to screenshot.png
2025-07-27 05:35:18,209 INFO:OCR successful for screenshot.png
2025-07-27 05:38:46,122 INFO:Application started. Press Ctrl+Shift+X to capture.
2025-07-27 05:38:49,194 INFO:Hotkey pressed, emitting signal to main thread.
2025-07-27 05:38:49,194 INFO:Signal received, triggering screenshot window.
2025-07-27 05:38:49,194 INFO:Starting screen selection...
2025-07-27 05:38:55,231 INFO:Screenshot saved to screenshot.png
2025-07-27 05:38:55,562 INFO:OCR successful for screenshot.png
2025-07-27 05:39:18,169 INFO:Hotkey pressed, emitting signal to main thread.
2025-07-27 05:39:18,169 INFO:Signal received, triggering screenshot window.
2025-07-27 05:39:18,169 INFO:Starting screen selection...
2025-07-27 05:39:21,187 INFO:Screenshot saved to screenshot.png
2025-07-27 05:39:21,615 INFO:OCR successful for screenshot.png
2025-07-27 05:40:42,960 INFO:Hotkey pressed, emitting signal to main thread.
2025-07-27 05:40:42,962 INFO:Signal received, triggering screenshot window.
2025-07-27 05:40:42,962 INFO:Starting screen selection...
2025-07-27 05:40:46,801 INFO:Screenshot saved to screenshot.png
2025-07-27 05:40:47,249 INFO:OCR successful for screenshot.png
2025-07-27 05:42:08,743 INFO:Hotkey pressed, emitting signal to main thread.
2025-07-27 05:42:08,746 INFO:Signal received, triggering screenshot window.
2025-07-27 05:42:08,746 INFO:Starting screen selection...
2025-07-27 05:42:12,782 INFO:Screenshot saved to screenshot.png
2025-07-27 05:42:12,988 INFO:OCR successful for screenshot.png
2025-07-27 05:43:11,410 INFO:Hotkey pressed, opening screenshot window...
2025-07-27 05:43:11,410 INFO:show_screenshot() called
2025-07-27 05:43:19,289 INFO:Hotkey pressed, opening screenshot window...
2025-07-27 05:43:19,289 INFO:show_screenshot() called
2025-07-27 05:45:20,142 INFO:Application started. Press Ctrl+Shift+X to capture.
2025-07-27 05:45:30,866 INFO:Hotkey pressed, emitting signal to main thread.
2025-07-27 05:45:30,866 INFO:Signal received, triggering screenshot window.
2025-07-27 05:45:30,866 INFO:Starting screen selection...
2025-07-27 05:45:36,522 INFO:Screenshot saved to screenshot.png
2025-07-27 05:45:36,836 INFO:OCR successful for screenshot.png
2025-07-27 05:49:04,500 INFO:Hotkey pressed, emitting signal to main thread.
2025-07-27 05:49:04,515 INFO:Signal received, triggering screenshot window.
2025-07-27 05:49:04,515 INFO:Starting screen selection...
2025-07-27 05:49:09,723 INFO:Screenshot saved to screenshot.png
2025-07-27 05:49:09,976 INFO:OCR successful for screenshot.png
2025-07-27 05:49:20,988 INFO:Hotkey pressed, emitting signal to main thread.
2025-07-27 05:49:20,997 INFO:Signal received, triggering screenshot window.
2025-07-27 05:49:20,997 INFO:Starting screen selection...
2025-07-27 05:49:25,024 INFO:Screenshot saved to screenshot.png
2025-07-27 05:49:25,235 INFO:OCR successful for screenshot.png
2025-07-27 05:51:03,210 INFO:Hotkey pressed, emitting signal to main thread.
2025-07-27 05:51:03,223 INFO:Signal received, triggering screenshot window.
2025-07-27 05:51:03,224 INFO:Starting screen selection...
2025-07-27 05:51:07,383 INFO:Screenshot saved to screenshot.png
2025-07-27 05:51:07,949 INFO:OCR successful for screenshot.png
2025-07-27 06:59:41,020 INFO:Hotkey pressed, emitting signal to main thread.
2025-07-27 06:59:41,027 INFO:Signal received, triggering screenshot window.
2025-07-27 06:59:41,027 INFO:Starting screen selection...
2025-07-27 06:59:45,499 INFO:Screenshot saved to screenshot.png
2025-07-27 06:59:45,665 INFO:OCR successful for screenshot.png
2025-07-27 06:59:53,360 INFO:Hotkey pressed, emitting signal to main thread.
2025-07-27 06:59:53,360 INFO:Signal received, triggering screenshot window.
2025-07-27 06:59:53,360 INFO:Starting screen selection...
2025-07-27 06:59:57,033 INFO:Screenshot saved to screenshot.png
2025-07-27 06:59:57,217 INFO:OCR successful for screenshot.png
